<?xml version="1.0" encoding="UTF-8"?>
<!-- Generated by org.testng.reporters.JUnitReportReporter -->
<testsuite skipped="0" hostname="LAPTOP-RAMPNV1H" name="com.qa.test.keyBoardHandleTest" tests="1" failures="0" timestamp="2022-07-08T20:46:31 IST" time="0.573" errors="0">
  <testcase name="keyBorad" time="0.573" classname="com.qa.test.keyBoardHandleTest"/>
  <system-out/>
</testsuite> <!-- com.qa.test.keyBoardHandleTest -->
